{"timestamp":"2026-02-19T18:19:52.522Z","action":"SIMULATION_START","level":"INFO","message":"Starting Shared Resource Competition Simulation"}
{"timestamp":"2026-02-19T18:19:52.534Z","action":"ENGINE_INIT","level":"INFO","message":"Core Engine initialized successfully"}
{"timestamp":"2026-02-19T18:19:52.540Z","action":"RESOURCE_REGISTERED","level":"INFO","message":"Resource PRIMARY_API registered (exclusive, capacity: 1)","id":"PRIMARY_API","type":"exclusive","capacity":1}
{"timestamp":"2026-02-19T18:19:52.552Z","action":"RESOURCE_REGISTERED","level":"INFO","message":"Resource COMPUTE_CLUSTER registered (parallel, capacity: 2)","id":"COMPUTE_CLUSTER","type":"parallel","capacity":2}
{"timestamp":"2026-02-19T18:19:52.555Z","action":"AGENT_REGISTERED","level":"INFO","message":"Agent Agent_A registered with domains: data-collection","agentId":"Agent_A","domainLabels":["data-collection"],"apiEndpoint":"http://agent_a/api","skillScores":{"data-collection":8}}
{"timestamp":"2026-02-19T18:19:52.557Z","action":"AGENT_REGISTERED","level":"INFO","message":"Agent Agent_B registered with domains: data-collection","agentId":"Agent_B","domainLabels":["data-collection"],"apiEndpoint":"http://agent_b/api","skillScores":{"data-collection":8}}
{"timestamp":"2026-02-19T18:19:52.559Z","action":"AGENT_REGISTERED","level":"INFO","message":"Agent Agent_C registered with domains: data-collection","agentId":"Agent_C","domainLabels":["data-collection"],"apiEndpoint":"http://agent_c/api","skillScores":{"data-collection":8}}
{"timestamp":"2026-02-19T18:19:52.563Z","action":"TASK_SUBMITTED","level":"INFO","message":"Task task_1c2848dd-e7ac-4e1d-9c3c-c26cce5502e4 submitted to queue (Impact: 6.5)","taskId":"task_1c2848dd-e7ac-4e1d-9c3c-c26cce5502e4","domainLabel":"data-collection","priority":5,"predictedImpact":6.5}
{"timestamp":"2026-02-19T18:19:52.565Z","action":"TASK_SUBMITTED","level":"INFO","message":"Task task_a4372b98-7f20-4ba6-9124-b9e7a10dd0e7 submitted to queue (Impact: 6.5)","taskId":"task_a4372b98-7f20-4ba6-9124-b9e7a10dd0e7","domainLabel":"data-collection","priority":5,"predictedImpact":6.5}
{"timestamp":"2026-02-19T18:19:52.568Z","action":"TASK_SUBMITTED","level":"INFO","message":"Task task_0a2610ee-3927-40b3-a622-db4d624410a3 submitted to queue (Impact: 6.5)","taskId":"task_0a2610ee-3927-40b3-a622-db4d624410a3","domainLabel":"data-collection","priority":5,"predictedImpact":6.5}
{"timestamp":"2026-02-19T18:19:52.570Z","action":"TASK_SUBMITTED","level":"INFO","message":"Task task_95ab8537-5de7-486a-b8a3-20a1a271ef88 submitted to queue (Impact: 6.5)","taskId":"task_95ab8537-5de7-486a-b8a3-20a1a271ef88","domainLabel":"data-collection","priority":5,"predictedImpact":6.5}
{"timestamp":"2026-02-19T18:19:52.571Z","action":"TASK_SUBMITTED","level":"INFO","message":"Task task_4b6fe5eb-f5ae-4339-a456-ca1125b6cc8d submitted to queue (Impact: 6.5)","taskId":"task_4b6fe5eb-f5ae-4339-a456-ca1125b6cc8d","domainLabel":"data-collection","priority":5,"predictedImpact":6.5}
{"timestamp":"2026-02-19T18:19:52.572Z","action":"TASK_SUBMITTED","level":"INFO","message":"Task task_f31b4323-9ea1-4474-acb5-9ce96098f3be submitted to queue (Impact: 6.5)","taskId":"task_f31b4323-9ea1-4474-acb5-9ce96098f3be","domainLabel":"data-collection","priority":5,"predictedImpact":6.5}
{"timestamp":"2026-02-19T18:19:52.573Z","action":"TASK_SUBMITTED","level":"INFO","message":"Task task_b933d51e-0420-4f01-be43-56a7fd2e2012 submitted to queue (Impact: 6.5)","taskId":"task_b933d51e-0420-4f01-be43-56a7fd2e2012","domainLabel":"data-collection","priority":5,"predictedImpact":6.5}
{"timestamp":"2026-02-19T18:19:52.574Z","action":"TASK_SUBMITTED","level":"INFO","message":"Task task_d3fac1a0-fcbb-416f-8718-1e98935c55f3 submitted to queue (Impact: 6.5)","taskId":"task_d3fac1a0-fcbb-416f-8718-1e98935c55f3","domainLabel":"data-collection","priority":5,"predictedImpact":6.5}
{"timestamp":"2026-02-19T18:19:52.575Z","action":"TASK_SUBMITTED","level":"INFO","message":"Task task_215a9451-c384-4c7f-b3fc-95fcc320e87d submitted to queue (Impact: 6.5)","taskId":"task_215a9451-c384-4c7f-b3fc-95fcc320e87d","domainLabel":"data-collection","priority":5,"predictedImpact":6.5}
{"timestamp":"2026-02-19T18:19:52.576Z","action":"TASK_SUBMITTED","level":"INFO","message":"Task task_27cb7263-b2a2-48ec-bd1a-9386f2976306 submitted to queue (Impact: 6.5)","taskId":"task_27cb7263-b2a2-48ec-bd1a-9386f2976306","domainLabel":"data-collection","priority":5,"predictedImpact":6.5}
{"timestamp":"2026-02-19T18:19:52.577Z","action":"TASKS_SUBMITTED","level":"INFO","message":"10 tasks submitted with varying resource constraints."}
{"timestamp":"2026-02-19T18:19:52.578Z","action":"LOOP_STARTED","level":"INFO","message":"Execution loop started","intervalMs":100}
{"timestamp":"2026-02-19T18:19:52.683Z","action":"RESOURCE_LOCKED","level":"INFO","message":"Task task_1c2848dd-e7ac-4e1d-9c3c-c26cce5502e4 locked resource PRIMARY_API (exclusive)","taskId":"task_1c2848dd-e7ac-4e1d-9c3c-c26cce5502e4","resId":"PRIMARY_API","usage":1}
{"timestamp":"2026-02-19T18:19:52.685Z","action":"TASK_DISPATCHED","level":"INFO","message":"Dispatching task task_1c2848dd-e7ac-4e1d-9c3c-c26cce5502e4 to agent Agent_A (Prob: 0.8)","taskId":"task_1c2848dd-e7ac-4e1d-9c3c-c26cce5502e4","agentId":"Agent_A","predictedSuccess":0.8}
{"timestamp":"2026-02-19T18:19:52.794Z","action":"RESOURCE_LOCKED","level":"INFO","message":"Task task_4b6fe5eb-f5ae-4339-a456-ca1125b6cc8d locked resource COMPUTE_CLUSTER (parallel)","taskId":"task_4b6fe5eb-f5ae-4339-a456-ca1125b6cc8d","resId":"COMPUTE_CLUSTER","usage":1}
{"timestamp":"2026-02-19T18:19:52.795Z","action":"TASK_DISPATCHED","level":"INFO","message":"Dispatching task task_4b6fe5eb-f5ae-4339-a456-ca1125b6cc8d to agent Agent_B (Prob: 0.8)","taskId":"task_4b6fe5eb-f5ae-4339-a456-ca1125b6cc8d","agentId":"Agent_B","predictedSuccess":0.8}
{"timestamp":"2026-02-19T18:19:52.898Z","action":"RESOURCE_LOCKED","level":"INFO","message":"Task task_f31b4323-9ea1-4474-acb5-9ce96098f3be locked resource COMPUTE_CLUSTER (parallel)","taskId":"task_f31b4323-9ea1-4474-acb5-9ce96098f3be","resId":"COMPUTE_CLUSTER","usage":2}
{"timestamp":"2026-02-19T18:19:52.899Z","action":"TASK_DISPATCHED","level":"INFO","message":"Dispatching task task_f31b4323-9ea1-4474-acb5-9ce96098f3be to agent Agent_C (Prob: 0.8)","taskId":"task_f31b4323-9ea1-4474-acb5-9ce96098f3be","agentId":"Agent_C","predictedSuccess":0.8}
{"timestamp":"2026-02-19T18:19:53.191Z","action":"META_REFLECTION_UPDATE","level":"INFO","message":"Updated metadata for agent Agent_A in domain data-collection","agentId":"Agent_A","domain":"data-collection","successRate":"1.00","uncertainty":"0.50","confidence":"0.85"}
{"timestamp":"2026-02-19T18:19:53.192Z","action":"TASK_EXECUTION_RECORD","taskId":"task_1c2848dd-e7ac-4e1d-9c3c-c26cce5502e4","agentId":"Agent_A","domain":"data-collection","predictedImpact":6.5,"actualImpact":7,"confidenceScore":0.73,"executionTime":150,"dependencies":[],"collaboration":{"isCollaborative":false,"parentTaskId":null},"status":"completed"}
{"timestamp":"2026-02-19T18:19:53.202Z","action":"RESOURCE_RELEASED","level":"INFO","message":"Task task_1c2848dd-e7ac-4e1d-9c3c-c26cce5502e4 released resource PRIMARY_API","taskId":"task_1c2848dd-e7ac-4e1d-9c3c-c26cce5502e4","resId":"PRIMARY_API","usage":0}
{"timestamp":"2026-02-19T18:19:53.202Z","action":"TASK_COMPLETED","level":"INFO","message":"Task task_1c2848dd-e7ac-4e1d-9c3c-c26cce5502e4 completed and logged","taskId":"task_1c2848dd-e7ac-4e1d-9c3c-c26cce5502e4","agentId":"Agent_A","confidence":0.73,"isSubtask":false,"parentTaskId":null}
{"timestamp":"2026-02-19T18:19:53.213Z","action":"RESOURCE_LOCKED","level":"INFO","message":"Task task_a4372b98-7f20-4ba6-9124-b9e7a10dd0e7 locked resource PRIMARY_API (exclusive)","taskId":"task_a4372b98-7f20-4ba6-9124-b9e7a10dd0e7","resId":"PRIMARY_API","usage":1}
{"timestamp":"2026-02-19T18:19:53.214Z","action":"TASK_DISPATCHED","level":"INFO","message":"Dispatching task task_a4372b98-7f20-4ba6-9124-b9e7a10dd0e7 to agent Agent_A (Prob: 0.9)","taskId":"task_a4372b98-7f20-4ba6-9124-b9e7a10dd0e7","agentId":"Agent_A","predictedSuccess":0.9}
{"timestamp":"2026-02-19T18:19:53.309Z","action":"META_REFLECTION_UPDATE","level":"INFO","message":"Updated metadata for agent Agent_B in domain data-collection","agentId":"Agent_B","domain":"data-collection","successRate":"1.00","uncertainty":"0.50","confidence":"0.85"}
{"timestamp":"2026-02-19T18:19:53.310Z","action":"TASK_EXECUTION_RECORD","taskId":"task_4b6fe5eb-f5ae-4339-a456-ca1125b6cc8d","agentId":"Agent_B","domain":"data-collection","predictedImpact":6.5,"actualImpact":6.2,"confidenceScore":0.77,"executionTime":150,"dependencies":[],"collaboration":{"isCollaborative":false,"parentTaskId":null},"status":"completed"}
{"timestamp":"2026-02-19T18:19:53.319Z","action":"RESOURCE_RELEASED","level":"INFO","message":"Task task_4b6fe5eb-f5ae-4339-a456-ca1125b6cc8d released resource COMPUTE_CLUSTER","taskId":"task_4b6fe5eb-f5ae-4339-a456-ca1125b6cc8d","resId":"COMPUTE_CLUSTER","usage":1}
{"timestamp":"2026-02-19T18:19:53.320Z","action":"TASK_COMPLETED","level":"INFO","message":"Task task_4b6fe5eb-f5ae-4339-a456-ca1125b6cc8d completed and logged","taskId":"task_4b6fe5eb-f5ae-4339-a456-ca1125b6cc8d","agentId":"Agent_B","confidence":0.77,"isSubtask":false,"parentTaskId":null}
{"timestamp":"2026-02-19T18:19:53.320Z","action":"RESOURCE_LOCKED","level":"INFO","message":"Task task_b933d51e-0420-4f01-be43-56a7fd2e2012 locked resource COMPUTE_CLUSTER (parallel)","taskId":"task_b933d51e-0420-4f01-be43-56a7fd2e2012","resId":"COMPUTE_CLUSTER","usage":2}
{"timestamp":"2026-02-19T18:19:53.321Z","action":"TASK_DISPATCHED","level":"INFO","message":"Dispatching task task_b933d51e-0420-4f01-be43-56a7fd2e2012 to agent Agent_B (Prob: 0.9)","taskId":"task_b933d51e-0420-4f01-be43-56a7fd2e2012","agentId":"Agent_B","predictedSuccess":0.9}
{"timestamp":"2026-02-19T18:19:53.414Z","action":"META_REFLECTION_UPDATE","level":"INFO","message":"Updated metadata for agent Agent_C in domain data-collection","agentId":"Agent_C","domain":"data-collection","successRate":"1.00","uncertainty":"0.50","confidence":"0.85"}
{"timestamp":"2026-02-19T18:19:53.415Z","action":"TASK_EXECUTION_RECORD","taskId":"task_f31b4323-9ea1-4474-acb5-9ce96098f3be","agentId":"Agent_C","domain":"data-collection","predictedImpact":6.5,"actualImpact":6.6,"confidenceScore":0.81,"executionTime":150,"dependencies":[],"collaboration":{"isCollaborative":false,"parentTaskId":null},"status":"completed"}
{"timestamp":"2026-02-19T18:19:53.425Z","action":"RESOURCE_RELEASED","level":"INFO","message":"Task task_f31b4323-9ea1-4474-acb5-9ce96098f3be released resource COMPUTE_CLUSTER","taskId":"task_f31b4323-9ea1-4474-acb5-9ce96098f3be","resId":"COMPUTE_CLUSTER","usage":1}
{"timestamp":"2026-02-19T18:19:53.425Z","action":"TASK_COMPLETED","level":"INFO","message":"Task task_f31b4323-9ea1-4474-acb5-9ce96098f3be completed and logged","taskId":"task_f31b4323-9ea1-4474-acb5-9ce96098f3be","agentId":"Agent_C","confidence":0.81,"isSubtask":false,"parentTaskId":null}
{"timestamp":"2026-02-19T18:19:53.426Z","action":"RESOURCE_LOCKED","level":"INFO","message":"Task task_d3fac1a0-fcbb-416f-8718-1e98935c55f3 locked resource COMPUTE_CLUSTER (parallel)","taskId":"task_d3fac1a0-fcbb-416f-8718-1e98935c55f3","resId":"COMPUTE_CLUSTER","usage":2}
{"timestamp":"2026-02-19T18:19:53.427Z","action":"TASK_DISPATCHED","level":"INFO","message":"Dispatching task task_d3fac1a0-fcbb-416f-8718-1e98935c55f3 to agent Agent_C (Prob: 0.9)","taskId":"task_d3fac1a0-fcbb-416f-8718-1e98935c55f3","agentId":"Agent_C","predictedSuccess":0.9}

--- Status Update (3/10) ---
Active Tasks: 3
 - [task_a4372b98-7f20-4ba6-9124-b9e7a10dd0e7] API Task 2 (Agent: Agent_A)
 - [task_b933d51e-0420-4f01-be43-56a7fd2e2012] Compute Task 3 (Agent: Agent_B)
 - [task_d3fac1a0-fcbb-416f-8718-1e98935c55f3] Compute Task 4 (Agent: Agent_C)
Pending Tasks: 4
 - [task_0a2610ee-3927-40b3-a622-db4d624410a3] API Task 3
 - [task_95ab8537-5de7-486a-b8a3-20a1a271ef88] API Task 4
 - [task_215a9451-c384-4c7f-b3fc-95fcc320e87d] Compute Task 5
 - [task_27cb7263-b2a2-48ec-bd1a-9386f2976306] Compute Task 6
Resource Usage:
 - PRIMARY_API: 1/1 (Locked by: task_a4372b98-7f20-4ba6-9124-b9e7a10dd0e7)
 - COMPUTE_CLUSTER: 2/2 (Locked by: None)
{"timestamp":"2026-02-19T18:19:53.723Z","action":"META_REFLECTION_UPDATE","level":"INFO","message":"Updated metadata for agent Agent_A in domain data-collection","agentId":"Agent_A","domain":"data-collection","successRate":"1.00","uncertainty":"0.33","confidence":"0.90"}
{"timestamp":"2026-02-19T18:19:53.724Z","action":"TASK_EXECUTION_RECORD","taskId":"task_a4372b98-7f20-4ba6-9124-b9e7a10dd0e7","agentId":"Agent_A","domain":"data-collection","predictedImpact":6.5,"actualImpact":5.2,"confidenceScore":0.98,"executionTime":150,"dependencies":[],"collaboration":{"isCollaborative":false,"parentTaskId":null},"status":"completed"}
{"timestamp":"2026-02-19T18:19:53.735Z","action":"RESOURCE_RELEASED","level":"INFO","message":"Task task_a4372b98-7f20-4ba6-9124-b9e7a10dd0e7 released resource PRIMARY_API","taskId":"task_a4372b98-7f20-4ba6-9124-b9e7a10dd0e7","resId":"PRIMARY_API","usage":0}
{"timestamp":"2026-02-19T18:19:53.735Z","action":"TASK_COMPLETED","level":"INFO","message":"Task task_a4372b98-7f20-4ba6-9124-b9e7a10dd0e7 completed and logged","taskId":"task_a4372b98-7f20-4ba6-9124-b9e7a10dd0e7","agentId":"Agent_A","confidence":0.98,"isSubtask":false,"parentTaskId":null}
{"timestamp":"2026-02-19T18:19:53.750Z","action":"RESOURCE_LOCKED","level":"INFO","message":"Task task_0a2610ee-3927-40b3-a622-db4d624410a3 locked resource PRIMARY_API (exclusive)","taskId":"task_0a2610ee-3927-40b3-a622-db4d624410a3","resId":"PRIMARY_API","usage":1}
{"timestamp":"2026-02-19T18:19:53.751Z","action":"TASK_DISPATCHED","level":"INFO","message":"Dispatching task task_0a2610ee-3927-40b3-a622-db4d624410a3 to agent Agent_A (Prob: 0.9333)","taskId":"task_0a2610ee-3927-40b3-a622-db4d624410a3","agentId":"Agent_A","predictedSuccess":0.9333}
{"timestamp":"2026-02-19T18:19:53.832Z","action":"META_REFLECTION_UPDATE","level":"INFO","message":"Updated metadata for agent Agent_B in domain data-collection","agentId":"Agent_B","domain":"data-collection","successRate":"1.00","uncertainty":"0.33","confidence":"0.90"}
{"timestamp":"2026-02-19T18:19:53.834Z","action":"TASK_EXECUTION_RECORD","taskId":"task_b933d51e-0420-4f01-be43-56a7fd2e2012","agentId":"Agent_B","domain":"data-collection","predictedImpact":6.5,"actualImpact":5.6,"confidenceScore":0.91,"executionTime":150,"dependencies":[],"collaboration":{"isCollaborative":false,"parentTaskId":null},"status":"completed"}
{"timestamp":"2026-02-19T18:19:53.844Z","action":"RESOURCE_RELEASED","level":"INFO","message":"Task task_b933d51e-0420-4f01-be43-56a7fd2e2012 released resource COMPUTE_CLUSTER","taskId":"task_b933d51e-0420-4f01-be43-56a7fd2e2012","resId":"COMPUTE_CLUSTER","usage":1}
{"timestamp":"2026-02-19T18:19:53.845Z","action":"TASK_COMPLETED","level":"INFO","message":"Task task_b933d51e-0420-4f01-be43-56a7fd2e2012 completed and logged","taskId":"task_b933d51e-0420-4f01-be43-56a7fd2e2012","agentId":"Agent_B","confidence":0.91,"isSubtask":false,"parentTaskId":null}
{"timestamp":"2026-02-19T18:19:53.847Z","action":"RESOURCE_LOCKED","level":"INFO","message":"Task task_215a9451-c384-4c7f-b3fc-95fcc320e87d locked resource COMPUTE_CLUSTER (parallel)","taskId":"task_215a9451-c384-4c7f-b3fc-95fcc320e87d","resId":"COMPUTE_CLUSTER","usage":2}
{"timestamp":"2026-02-19T18:19:53.848Z","action":"TASK_DISPATCHED","level":"INFO","message":"Dispatching task task_215a9451-c384-4c7f-b3fc-95fcc320e87d to agent Agent_B (Prob: 0.9333)","taskId":"task_215a9451-c384-4c7f-b3fc-95fcc320e87d","agentId":"Agent_B","predictedSuccess":0.9333}
{"timestamp":"2026-02-19T18:19:53.928Z","action":"META_REFLECTION_UPDATE","level":"INFO","message":"Updated metadata for agent Agent_C in domain data-collection","agentId":"Agent_C","domain":"data-collection","successRate":"1.00","uncertainty":"0.33","confidence":"0.90"}
{"timestamp":"2026-02-19T18:19:53.929Z","action":"TASK_EXECUTION_RECORD","taskId":"task_d3fac1a0-fcbb-416f-8718-1e98935c55f3","agentId":"Agent_C","domain":"data-collection","predictedImpact":6.5,"actualImpact":7.7,"confidenceScore":0.71,"executionTime":150,"dependencies":[],"collaboration":{"isCollaborative":false,"parentTaskId":null},"status":"completed"}
{"timestamp":"2026-02-19T18:19:53.937Z","action":"RESOURCE_RELEASED","level":"INFO","message":"Task task_d3fac1a0-fcbb-416f-8718-1e98935c55f3 released resource COMPUTE_CLUSTER","taskId":"task_d3fac1a0-fcbb-416f-8718-1e98935c55f3","resId":"COMPUTE_CLUSTER","usage":1}
{"timestamp":"2026-02-19T18:19:53.938Z","action":"TASK_COMPLETED","level":"INFO","message":"Task task_d3fac1a0-fcbb-416f-8718-1e98935c55f3 completed and logged","taskId":"task_d3fac1a0-fcbb-416f-8718-1e98935c55f3","agentId":"Agent_C","confidence":0.71,"isSubtask":false,"parentTaskId":null}
{"timestamp":"2026-02-19T18:19:53.959Z","action":"RESOURCE_LOCKED","level":"INFO","message":"Task task_27cb7263-b2a2-48ec-bd1a-9386f2976306 locked resource COMPUTE_CLUSTER (parallel)","taskId":"task_27cb7263-b2a2-48ec-bd1a-9386f2976306","resId":"COMPUTE_CLUSTER","usage":2}
{"timestamp":"2026-02-19T18:19:53.961Z","action":"TASK_DISPATCHED","level":"INFO","message":"Dispatching task task_27cb7263-b2a2-48ec-bd1a-9386f2976306 to agent Agent_C (Prob: 0.9333)","taskId":"task_27cb7263-b2a2-48ec-bd1a-9386f2976306","agentId":"Agent_C","predictedSuccess":0.9333}
{"timestamp":"2026-02-19T18:19:54.253Z","action":"META_REFLECTION_UPDATE","level":"INFO","message":"Updated metadata for agent Agent_A in domain data-collection","agentId":"Agent_A","domain":"data-collection","successRate":"1.00","uncertainty":"0.25","confidence":"0.92"}
{"timestamp":"2026-02-19T18:19:54.253Z","action":"TASK_EXECUTION_RECORD","taskId":"task_0a2610ee-3927-40b3-a622-db4d624410a3","agentId":"Agent_A","domain":"data-collection","predictedImpact":6.5,"actualImpact":7.2,"confidenceScore":0.76,"executionTime":150,"dependencies":[],"collaboration":{"isCollaborative":false,"parentTaskId":null},"status":"completed"}
{"timestamp":"2026-02-19T18:19:54.264Z","action":"RESOURCE_RELEASED","level":"INFO","message":"Task task_0a2610ee-3927-40b3-a622-db4d624410a3 released resource PRIMARY_API","taskId":"task_0a2610ee-3927-40b3-a622-db4d624410a3","resId":"PRIMARY_API","usage":0}
{"timestamp":"2026-02-19T18:19:54.265Z","action":"TASK_COMPLETED","level":"INFO","message":"Task task_0a2610ee-3927-40b3-a622-db4d624410a3 completed and logged","taskId":"task_0a2610ee-3927-40b3-a622-db4d624410a3","agentId":"Agent_A","confidence":0.76,"isSubtask":false,"parentTaskId":null}
{"timestamp":"2026-02-19T18:19:54.285Z","action":"RESOURCE_LOCKED","level":"INFO","message":"Task task_95ab8537-5de7-486a-b8a3-20a1a271ef88 locked resource PRIMARY_API (exclusive)","taskId":"task_95ab8537-5de7-486a-b8a3-20a1a271ef88","resId":"PRIMARY_API","usage":1}
{"timestamp":"2026-02-19T18:19:54.286Z","action":"TASK_DISPATCHED","level":"INFO","message":"Dispatching task task_95ab8537-5de7-486a-b8a3-20a1a271ef88 to agent Agent_A (Prob: 0.95)","taskId":"task_95ab8537-5de7-486a-b8a3-20a1a271ef88","agentId":"Agent_A","predictedSuccess":0.95}
{"timestamp":"2026-02-19T18:19:54.357Z","action":"META_REFLECTION_UPDATE","level":"INFO","message":"Updated metadata for agent Agent_B in domain data-collection","agentId":"Agent_B","domain":"data-collection","successRate":"1.00","uncertainty":"0.25","confidence":"0.92"}
{"timestamp":"2026-02-19T18:19:54.358Z","action":"TASK_EXECUTION_RECORD","taskId":"task_215a9451-c384-4c7f-b3fc-95fcc320e87d","agentId":"Agent_B","domain":"data-collection","predictedImpact":6.5,"actualImpact":6.7,"confidenceScore":0.87,"executionTime":150,"dependencies":[],"collaboration":{"isCollaborative":false,"parentTaskId":null},"status":"completed"}
{"timestamp":"2026-02-19T18:19:54.368Z","action":"RESOURCE_RELEASED","level":"INFO","message":"Task task_215a9451-c384-4c7f-b3fc-95fcc320e87d released resource COMPUTE_CLUSTER","taskId":"task_215a9451-c384-4c7f-b3fc-95fcc320e87d","resId":"COMPUTE_CLUSTER","usage":1}
{"timestamp":"2026-02-19T18:19:54.368Z","action":"TASK_COMPLETED","level":"INFO","message":"Task task_215a9451-c384-4c7f-b3fc-95fcc320e87d completed and logged","taskId":"task_215a9451-c384-4c7f-b3fc-95fcc320e87d","agentId":"Agent_B","confidence":0.87,"isSubtask":false,"parentTaskId":null}
{"timestamp":"2026-02-19T18:19:54.476Z","action":"META_REFLECTION_UPDATE","level":"INFO","message":"Updated metadata for agent Agent_C in domain data-collection","agentId":"Agent_C","domain":"data-collection","successRate":"1.00","uncertainty":"0.25","confidence":"0.92"}
{"timestamp":"2026-02-19T18:19:54.477Z","action":"TASK_EXECUTION_RECORD","taskId":"task_27cb7263-b2a2-48ec-bd1a-9386f2976306","agentId":"Agent_C","domain":"data-collection","predictedImpact":6.5,"actualImpact":7.4,"confidenceScore":0.76,"executionTime":150,"dependencies":[],"collaboration":{"isCollaborative":false,"parentTaskId":null},"status":"completed"}
{"timestamp":"2026-02-19T18:19:54.489Z","action":"RESOURCE_RELEASED","level":"INFO","message":"Task task_27cb7263-b2a2-48ec-bd1a-9386f2976306 released resource COMPUTE_CLUSTER","taskId":"task_27cb7263-b2a2-48ec-bd1a-9386f2976306","resId":"COMPUTE_CLUSTER","usage":0}
{"timestamp":"2026-02-19T18:19:54.490Z","action":"TASK_COMPLETED","level":"INFO","message":"Task task_27cb7263-b2a2-48ec-bd1a-9386f2976306 completed and logged","taskId":"task_27cb7263-b2a2-48ec-bd1a-9386f2976306","agentId":"Agent_C","confidence":0.76,"isSubtask":false,"parentTaskId":null}

--- Status Update (9/10) ---
Active Tasks: 1
 - [task_95ab8537-5de7-486a-b8a3-20a1a271ef88] API Task 4 (Agent: Agent_A)
Pending Tasks: 0
Resource Usage:
 - PRIMARY_API: 1/1 (Locked by: task_95ab8537-5de7-486a-b8a3-20a1a271ef88)
 - COMPUTE_CLUSTER: 0/2 (Locked by: None)
{"timestamp":"2026-02-19T18:19:54.801Z","action":"META_REFLECTION_UPDATE","level":"INFO","message":"Updated metadata for agent Agent_A in domain data-collection","agentId":"Agent_A","domain":"data-collection","successRate":"1.00","uncertainty":"0.20","confidence":"0.94"}
{"timestamp":"2026-02-19T18:19:54.802Z","action":"TASK_EXECUTION_RECORD","taskId":"task_95ab8537-5de7-486a-b8a3-20a1a271ef88","agentId":"Agent_A","domain":"data-collection","predictedImpact":6.5,"actualImpact":7.7,"confidenceScore":0.71,"executionTime":150,"dependencies":[],"collaboration":{"isCollaborative":false,"parentTaskId":null},"status":"completed"}
{"timestamp":"2026-02-19T18:19:54.809Z","action":"RESOURCE_RELEASED","level":"INFO","message":"Task task_95ab8537-5de7-486a-b8a3-20a1a271ef88 released resource PRIMARY_API","taskId":"task_95ab8537-5de7-486a-b8a3-20a1a271ef88","resId":"PRIMARY_API","usage":0}
{"timestamp":"2026-02-19T18:19:54.810Z","action":"TASK_COMPLETED","level":"INFO","message":"Task task_95ab8537-5de7-486a-b8a3-20a1a271ef88 completed and logged","taskId":"task_95ab8537-5de7-486a-b8a3-20a1a271ef88","agentId":"Agent_A","confidence":0.71,"isSubtask":false,"parentTaskId":null}

--- Status Update (10/10) ---
Active Tasks: 0
Pending Tasks: 0
Resource Usage:
 - PRIMARY_API: 0/1 (Locked by: None)
 - COMPUTE_CLUSTER: 0/2 (Locked by: None)
{"timestamp":"2026-02-19T18:19:56.619Z","action":"SIMULATION_DONE","level":"INFO","message":"All tasks processed. Final states check:"}
Task task_1c2848dd-e7ac-4e1d-9c3c-c26cce5502e4 completed with status: completed
Task task_a4372b98-7f20-4ba6-9124-b9e7a10dd0e7 completed with status: completed
Task task_0a2610ee-3927-40b3-a622-db4d624410a3 completed with status: completed
Task task_95ab8537-5de7-486a-b8a3-20a1a271ef88 completed with status: completed
Task task_4b6fe5eb-f5ae-4339-a456-ca1125b6cc8d completed with status: completed
Task task_f31b4323-9ea1-4474-acb5-9ce96098f3be completed with status: completed
Task task_b933d51e-0420-4f01-be43-56a7fd2e2012 completed with status: completed
Task task_d3fac1a0-fcbb-416f-8718-1e98935c55f3 completed with status: completed
Task task_215a9451-c384-4c7f-b3fc-95fcc320e87d completed with status: completed
Task task_27cb7263-b2a2-48ec-bd1a-9386f2976306 completed with status: completed
{"timestamp":"2026-02-19T18:19:56.621Z","action":"LOOP_STOPPED","level":"INFO","message":"Execution loop stopped"}
